<?xml version="1.0" encoding="UTF-8"?>
<!-- Generated by org.testng.reporters.JUnitXMLReporter -->
<testsuite ignored="0" hostname="Haider" failures="0" tests="8" name="Test" time="0.093" errors="0" timestamp="2023-11-25T04:40:57 PST">
  <testcase classname="Testng.Framework.testClass1" name="test1" time="0.008"/>
  <testcase classname="Testng.Framework.testClass1" name="test2" time="0.002"/>
  <testcase classname="Testng.Framework.testClass1" name="test3" time="0.002"/>
  <testcase classname="Testng.Framework.testClass1" name="test4" time="0.003"/>
  <testcase classname="Testng.Framework.testClass2" name="test5" time="0.001"/>
  <testcase classname="Testng.Framework.testClass2" name="test6" time="0.002"/>
  <testcase classname="Testng.Framework.testClass2" name="test7" time="0.002"/>
  <testcase classname="Testng.Framework.testClass3" name="test9" time="0.002"/>
</testsuite> <!-- Test -->
