<?xml version="1.0" encoding="UTF-8"?>
<testng-results ignored="0" total="8" passed="8" failed="0" skipped="0">
  <reporter-output>
  </reporter-output>
  <suite started-at="2023-11-25T04:40:57 PST" name="Suite" finished-at="2023-11-25T04:40:57 PST" duration-ms="93">
    <groups>
    </groups>
    <test started-at="2023-11-25T04:40:57 PST" name="Test" finished-at="2023-11-25T04:40:57 PST" duration-ms="93">
      <class name="Testng.Framework.testClass2">
        <test-method signature="test5()[pri:0, instance:Testng.Framework.testClass2@3232a28a]" started-at="2023-11-25T04:40:57 PST" name="test5" finished-at="2023-11-25T04:40:57 PST" duration-ms="1" status="PASS">
          <reporter-output>
          </reporter-output>
        </test-method> <!-- test5 -->
        <test-method signature="test6()[pri:0, instance:Testng.Framework.testClass2@3232a28a]" started-at="2023-11-25T04:40:57 PST" name="test6" finished-at="2023-11-25T04:40:57 PST" duration-ms="2" status="PASS">
          <reporter-output>
          </reporter-output>
        </test-method> <!-- test6 -->
        <test-method signature="test7()[pri:0, instance:Testng.Framework.testClass2@3232a28a]" started-at="2023-11-25T04:40:57 PST" name="test7" finished-at="2023-11-25T04:40:57 PST" duration-ms="2" status="PASS">
          <reporter-output>
          </reporter-output>
        </test-method> <!-- test7 -->
      </class> <!-- Testng.Framework.testClass2 -->
      <class name="Testng.Framework.testClass1">
        <test-method signature="test1()[pri:0, instance:Testng.Framework.testClass1@5403f35f]" started-at="2023-11-25T04:40:57 PST" name="test1" finished-at="2023-11-25T04:40:57 PST" duration-ms="8" status="PASS">
          <reporter-output>
          </reporter-output>
        </test-method> <!-- test1 -->
        <test-method signature="test2()[pri:0, instance:Testng.Framework.testClass1@5403f35f]" started-at="2023-11-25T04:40:57 PST" name="test2" finished-at="2023-11-25T04:40:57 PST" duration-ms="2" status="PASS">
          <reporter-output>
          </reporter-output>
        </test-method> <!-- test2 -->
        <test-method signature="test3()[pri:0, instance:Testng.Framework.testClass1@5403f35f]" started-at="2023-11-25T04:40:57 PST" name="test3" finished-at="2023-11-25T04:40:57 PST" duration-ms="2" status="PASS">
          <reporter-output>
          </reporter-output>
        </test-method> <!-- test3 -->
        <test-method signature="test4()[pri:0, instance:Testng.Framework.testClass1@5403f35f]" started-at="2023-11-25T04:40:57 PST" name="test4" finished-at="2023-11-25T04:40:57 PST" duration-ms="3" status="PASS">
          <reporter-output>
          </reporter-output>
        </test-method> <!-- test4 -->
      </class> <!-- Testng.Framework.testClass1 -->
      <class name="Testng.Framework.testClass3">
        <test-method is-config="true" signature="test10()[pri:0, instance:Testng.Framework.testClass3@342c38f8]" started-at="2023-11-25T04:40:57 PST" name="test10" finished-at="2023-11-25T04:40:57 PST" duration-ms="13" status="PASS">
          <reporter-output>
          </reporter-output>
        </test-method> <!-- test10 -->
        <test-method signature="test9()[pri:0, instance:Testng.Framework.testClass3@342c38f8]" started-at="2023-11-25T04:40:57 PST" name="test9" finished-at="2023-11-25T04:40:57 PST" duration-ms="2" status="PASS">
          <reporter-output>
          </reporter-output>
        </test-method> <!-- test9 -->
        <test-method is-config="true" signature="test8()[pri:0, instance:Testng.Framework.testClass3@342c38f8]" started-at="2023-11-25T04:40:57 PST" name="test8" finished-at="2023-11-25T04:40:57 PST" duration-ms="0" status="PASS">
          <reporter-output>
          </reporter-output>
        </test-method> <!-- test8 -->
      </class> <!-- Testng.Framework.testClass3 -->
    </test> <!-- Test -->
  </suite> <!-- Suite -->
</testng-results>
